{
  "stats": {
    "suites": 12,
    "tests": 41,
    "passes": 1,
    "pending": 0,
    "failures": 40,
    "start": "2022-07-04T17:58:25.955Z",
    "end": "2022-07-04T18:01:16.710Z",
    "duration": 170755,
    "testsRegistered": 41,
    "passPercent": 2.4390243902439024,
    "pendingPercent": 0,
    "other": 0,
    "hasOther": false,
    "skipped": 0,
    "hasSkipped": false
  },
  "results": [
    {
      "uuid": "b4bc19d1-125c-42cf-bbfc-40021258179f",
      "title": "",
      "fullFile": "cypress/integration/project.spec.js",
      "file": "cypress/integration/project.spec.js",
      "beforeHooks": [],
      "afterHooks": [],
      "tests": [],
      "suites": [
        {
          "uuid": "dc385be6-2ef4-41b1-820b-988ceeadcd66",
          "title": "1 - Adicione à página o título \"Paleta de Cores\".",
          "fullFile": "",
          "file": "",
          "beforeHooks": [],
          "afterHooks": [],
          "tests": [
            {
              "title": "Verifica se contém um elemento `h1` com o id `title` com o título correto",
              "fullTitle": "1 - Adicione à página o título \"Paleta de Cores\". Verifica se contém um elemento `h1` com o id `title` com o título correto",
              "timedOut": null,
              "duration": 124,
              "state": "passed",
              "speed": "slow",
              "pass": true,
              "fail": false,
              "pending": false,
              "context": null,
              "code": "cy.get('h1#title').should('contain.text', 'Paleta de Cores');",
              "err": {},
              "uuid": "ed0d47b6-ffab-44a9-b6f1-3be3010def71",
              "parentUUID": "dc385be6-2ef4-41b1-820b-988ceeadcd66",
              "isHook": false,
              "skipped": false
            }
          ],
          "suites": [],
          "passes": [
            "ed0d47b6-ffab-44a9-b6f1-3be3010def71"
          ],
          "failures": [],
          "pending": [],
          "skipped": [],
          "duration": 124,
          "root": false,
          "rootEmpty": false,
          "_timeout": 2000
        },
        {
          "uuid": "c390dda7-0278-414b-b895-1ba5c4cfdea4",
          "title": "2 - Adicione à página uma paleta de quatro cores distintas.",
          "fullFile": "",
          "file": "",
          "beforeHooks": [],
          "afterHooks": [],
          "tests": [
            {
              "title": "A paleta de cores deve ser um elemento com `id` denominado `color-palette` e ter mais de 0px de altura e de largura.",
              "fullTitle": "2 - Adicione à página uma paleta de quatro cores distintas. A paleta de cores deve ser um elemento com `id` denominado `color-palette` e ter mais de 0px de altura e de largura.",
              "timedOut": null,
              "duration": 4195,
              "state": "failed",
              "speed": null,
              "pass": false,
              "fail": true,
              "pending": false,
              "context": null,
              "code": "cy.get('#color-palette').should('be.visible');\ncy.get('#color-palette').children('.color');",
              "err": {
                "message": "CypressError: Timed out retrying: Expected to find element: '#color-palette', but never found it.",
                "estack": "CypressError: Timed out retrying: Expected to find element: '#color-palette', but never found it.\n    at cypressErr (http://localhost:45487/__cypress/runner/cypress_runner.js:149934:9)\n    at throwErr (http://localhost:45487/__cypress/runner/cypress_runner.js:149867:11)\n    at Object.throwErrByPath (http://localhost:45487/__cypress/runner/cypress_runner.js:149915:3)\n    at retry (http://localhost:45487/__cypress/runner/cypress_runner.js:144197:19)\n    at onFailFn (http://localhost:45487/__cypress/runner/cypress_runner.js:132448:16)\n    at tryCatcher (http://localhost:45487/__cypress/runner/cypress_runner.js:167415:23)\n    at Promise._settlePromiseFromHandler (http://localhost:45487/__cypress/runner/cypress_runner.js:165351:31)\n    at Promise._settlePromise (http://localhost:45487/__cypress/runner/cypress_runner.js:165408:18)\n    at Promise._settlePromise0 (http://localhost:45487/__cypress/runner/cypress_runner.js:165453:10)\n    at Promise._settlePromises (http://localhost:45487/__cypress/runner/cypress_runner.js:165528:18)\n    at Async../node_modules/bluebird/js/release/async.js.Async._drainQueue (http://localhost:45487/__cypress/runner/cypress_runner.js:162140:16)\n    at Async../node_modules/bluebird/js/release/async.js.Async._drainQueues (http://localhost:45487/__cypress/runner/cypress_runner.js:162150:10)\n    at Async.drainQueues (http://localhost:45487/__cypress/runner/cypress_runner.js:162024:14)",
                "diff": null
              },
              "uuid": "98677fea-afb5-4fa6-89cb-6dd1bb0da678",
              "parentUUID": "c390dda7-0278-414b-b895-1ba5c4cfdea4",
              "isHook": false,
              "skipped": false
            },
            {
              "title": "Verifica se cada cor individual da paleta de cores possui a `classe` chamada `color`.",
              "fullTitle": "2 - Adicione à página uma paleta de quatro cores distintas. Verifica se cada cor individual da paleta de cores possui a `classe` chamada `color`.",
              "timedOut": null,
              "duration": 4210,
              "state": "failed",
              "speed": null,
              "pass": false,
              "fail": true,
              "pending": false,
              "context": null,
              "code": "cy.get('.color').should('have.length', 4).then(function (colors) {\n  for (var i = 0; i < colors.length; i++) {\n    cy.wrap(colors[i]).should('be.visible');\n  }\n});",
              "err": {
                "message": "CypressError: Timed out retrying: Expected to find element: '.color', but never found it.",
                "estack": "CypressError: Timed out retrying: Expected to find element: '.color', but never found it.\n    at cypressErr (http://localhost:45487/__cypress/runner/cypress_runner.js:149934:9)\n    at throwErr (http://localhost:45487/__cypress/runner/cypress_runner.js:149867:11)\n    at Object.throwErrByPath (http://localhost:45487/__cypress/runner/cypress_runner.js:149915:3)\n    at retry (http://localhost:45487/__cypress/runner/cypress_runner.js:144197:19)\n    at onFailFn (http://localhost:45487/__cypress/runner/cypress_runner.js:132448:16)\n    at tryCatcher (http://localhost:45487/__cypress/runner/cypress_runner.js:167415:23)\n    at Promise._settlePromiseFromHandler (http://localhost:45487/__cypress/runner/cypress_runner.js:165351:31)\n    at Promise._settlePromise (http://localhost:45487/__cypress/runner/cypress_runner.js:165408:18)\n    at Promise._settlePromise0 (http://localhost:45487/__cypress/runner/cypress_runner.js:165453:10)\n    at Promise._settlePromises (http://localhost:45487/__cypress/runner/cypress_runner.js:165528:18)\n    at Async../node_modules/bluebird/js/release/async.js.Async._drainQueue (http://localhost:45487/__cypress/runner/cypress_runner.js:162140:16)\n    at Async../node_modules/bluebird/js/release/async.js.Async._drainQueues (http://localhost:45487/__cypress/runner/cypress_runner.js:162150:10)\n    at Async.drainQueues (http://localhost:45487/__cypress/runner/cypress_runner.js:162024:14)",
                "diff": null
              },
              "uuid": "945d6e98-5d5b-4b0c-bcd9-f41bc1bdf54e",
              "parentUUID": "c390dda7-0278-414b-b895-1ba5c4cfdea4",
              "isHook": false,
              "skipped": false
            },
            {
              "title": "Verifica se a cor de fundo de cada elemento da paleta é a cor que o elemento representa. **A única cor não permitida na paleta é a cor branca.**",
              "fullTitle": "2 - Adicione à página uma paleta de quatro cores distintas. Verifica se a cor de fundo de cada elemento da paleta é a cor que o elemento representa. **A única cor não permitida na paleta é a cor branca.**",
              "timedOut": null,
              "duration": 4204,
              "state": "failed",
              "speed": null,
              "pass": false,
              "fail": true,
              "pending": false,
              "context": null,
              "code": "cy.get('.color').each(function (color) {\n  cy.wrap(color).should('have.class', 'color').and('not.have.css', 'background-color', WHITE);\n  cy.wrap(color).should('have.css', 'background-color');\n});",
              "err": {
                "message": "CypressError: Timed out retrying: Expected to find element: '.color', but never found it.",
                "estack": "CypressError: Timed out retrying: Expected to find element: '.color', but never found it.\n    at cypressErr (http://localhost:45487/__cypress/runner/cypress_runner.js:149934:9)\n    at throwErr (http://localhost:45487/__cypress/runner/cypress_runner.js:149867:11)\n    at Object.throwErrByPath (http://localhost:45487/__cypress/runner/cypress_runner.js:149915:3)\n    at retry (http://localhost:45487/__cypress/runner/cypress_runner.js:144197:19)\n    at onFailFn (http://localhost:45487/__cypress/runner/cypress_runner.js:132448:16)\n    at tryCatcher (http://localhost:45487/__cypress/runner/cypress_runner.js:167415:23)\n    at Promise._settlePromiseFromHandler (http://localhost:45487/__cypress/runner/cypress_runner.js:165351:31)\n    at Promise._settlePromise (http://localhost:45487/__cypress/runner/cypress_runner.js:165408:18)\n    at Promise._settlePromise0 (http://localhost:45487/__cypress/runner/cypress_runner.js:165453:10)\n    at Promise._settlePromises (http://localhost:45487/__cypress/runner/cypress_runner.js:165528:18)\n    at Async../node_modules/bluebird/js/release/async.js.Async._drainQueue (http://localhost:45487/__cypress/runner/cypress_runner.js:162140:16)\n    at Async../node_modules/bluebird/js/release/async.js.Async._drainQueues (http://localhost:45487/__cypress/runner/cypress_runner.js:162150:10)\n    at Async.drainQueues (http://localhost:45487/__cypress/runner/cypress_runner.js:162024:14)",
                "diff": null
              },
              "uuid": "5d0f3ed2-c843-476e-913d-36f4c192f4fa",
              "parentUUID": "c390dda7-0278-414b-b895-1ba5c4cfdea4",
              "isHook": false,
              "skipped": false
            },
            {
              "title": "Verifica se cada elemento da paleta de cores tem uma borda preta, sólida e com 1 pixel de largura;",
              "fullTitle": "2 - Adicione à página uma paleta de quatro cores distintas. Verifica se cada elemento da paleta de cores tem uma borda preta, sólida e com 1 pixel de largura;",
              "timedOut": null,
              "duration": 4255,
              "state": "failed",
              "speed": null,
              "pass": false,
              "fail": true,
              "pending": false,
              "context": null,
              "code": "cy.get('.color').each(function (color) {\n  cy.wrap(color).and('have.css', 'border', \"1px solid \".concat(BLACK)).and('have.class', 'color');\n});",
              "err": {
                "message": "CypressError: Timed out retrying: Expected to find element: '.color', but never found it.",
                "estack": "CypressError: Timed out retrying: Expected to find element: '.color', but never found it.\n    at cypressErr (http://localhost:45487/__cypress/runner/cypress_runner.js:149934:9)\n    at throwErr (http://localhost:45487/__cypress/runner/cypress_runner.js:149867:11)\n    at Object.throwErrByPath (http://localhost:45487/__cypress/runner/cypress_runner.js:149915:3)\n    at retry (http://localhost:45487/__cypress/runner/cypress_runner.js:144197:19)\n    at onFailFn (http://localhost:45487/__cypress/runner/cypress_runner.js:132448:16)\n    at tryCatcher (http://localhost:45487/__cypress/runner/cypress_runner.js:167415:23)\n    at Promise._settlePromiseFromHandler (http://localhost:45487/__cypress/runner/cypress_runner.js:165351:31)\n    at Promise._settlePromise (http://localhost:45487/__cypress/runner/cypress_runner.js:165408:18)\n    at Promise._settlePromise0 (http://localhost:45487/__cypress/runner/cypress_runner.js:165453:10)\n    at Promise._settlePromises (http://localhost:45487/__cypress/runner/cypress_runner.js:165528:18)\n    at Async../node_modules/bluebird/js/release/async.js.Async._drainQueue (http://localhost:45487/__cypress/runner/cypress_runner.js:162140:16)\n    at Async../node_modules/bluebird/js/release/async.js.Async._drainQueues (http://localhost:45487/__cypress/runner/cypress_runner.js:162150:10)\n    at Async.drainQueues (http://localhost:45487/__cypress/runner/cypress_runner.js:162024:14)",
                "diff": null
              },
              "uuid": "2a8f878c-2055-45ef-8f8f-e2767aea170c",
              "parentUUID": "c390dda7-0278-414b-b895-1ba5c4cfdea4",
              "isHook": false,
              "skipped": false
            },
            {
              "title": "Verifica se a paleta lista todas as cores disponíveis para utilização, lado a lado.",
              "fullTitle": "2 - Adicione à página uma paleta de quatro cores distintas. Verifica se a paleta lista todas as cores disponíveis para utilização, lado a lado.",
              "timedOut": null,
              "duration": 4238,
              "state": "failed",
              "speed": null,
              "pass": false,
              "fail": true,
              "pending": false,
              "context": null,
              "code": "cy.get('.color').then(function (colors) {\n  for (var index = 1; index < colors.length; index += 1) {\n    var currentColor = colors[index];\n    var previousColor = colors[index - 1];\n    cy.wrap(currentColor).should('be.onTheRightOf', previousColor).and('be.horizontallyAlignedWith', previousColor);\n  }\n});",
              "err": {
                "message": "CypressError: Timed out retrying: Expected to find element: '.color', but never found it.",
                "estack": "CypressError: Timed out retrying: Expected to find element: '.color', but never found it.\n    at cypressErr (http://localhost:45487/__cypress/runner/cypress_runner.js:149934:9)\n    at throwErr (http://localhost:45487/__cypress/runner/cypress_runner.js:149867:11)\n    at Object.throwErrByPath (http://localhost:45487/__cypress/runner/cypress_runner.js:149915:3)\n    at retry (http://localhost:45487/__cypress/runner/cypress_runner.js:144197:19)\n    at onFailFn (http://localhost:45487/__cypress/runner/cypress_runner.js:132448:16)\n    at tryCatcher (http://localhost:45487/__cypress/runner/cypress_runner.js:167415:23)\n    at Promise._settlePromiseFromHandler (http://localhost:45487/__cypress/runner/cypress_runner.js:165351:31)\n    at Promise._settlePromise (http://localhost:45487/__cypress/runner/cypress_runner.js:165408:18)\n    at Promise._settlePromise0 (http://localhost:45487/__cypress/runner/cypress_runner.js:165453:10)\n    at Promise._settlePromises (http://localhost:45487/__cypress/runner/cypress_runner.js:165528:18)\n    at Async../node_modules/bluebird/js/release/async.js.Async._drainQueue (http://localhost:45487/__cypress/runner/cypress_runner.js:162140:16)\n    at Async../node_modules/bluebird/js/release/async.js.Async._drainQueues (http://localhost:45487/__cypress/runner/cypress_runner.js:162150:10)\n    at Async.drainQueues (http://localhost:45487/__cypress/runner/cypress_runner.js:162024:14)",
                "diff": null
              },
              "uuid": "627ce150-3a6d-4ae5-8a29-424abf1f3563",
              "parentUUID": "c390dda7-0278-414b-b895-1ba5c4cfdea4",
              "isHook": false,
              "skipped": false
            },
            {
              "title": "Verifica se a paleta de cores está posicionada abaixo do título 'Paleta de Cores'",
              "fullTitle": "2 - Adicione à página uma paleta de quatro cores distintas. Verifica se a paleta de cores está posicionada abaixo do título 'Paleta de Cores'",
              "timedOut": null,
              "duration": 4206,
              "state": "failed",
              "speed": null,
              "pass": false,
              "fail": true,
              "pending": false,
              "context": null,
              "code": "cy.get('h1#title').then(function (title) {\n  cy.get('#color-palette').should('be.belowOf', title);\n});",
              "err": {
                "message": "CypressError: Timed out retrying: Expected to find element: '#color-palette', but never found it.",
                "estack": "CypressError: Timed out retrying: Expected to find element: '#color-palette', but never found it.\n    at cypressErr (http://localhost:45487/__cypress/runner/cypress_runner.js:149934:9)\n    at throwErr (http://localhost:45487/__cypress/runner/cypress_runner.js:149867:11)\n    at Object.throwErrByPath (http://localhost:45487/__cypress/runner/cypress_runner.js:149915:3)\n    at retry (http://localhost:45487/__cypress/runner/cypress_runner.js:144197:19)\n    at onFailFn (http://localhost:45487/__cypress/runner/cypress_runner.js:132448:16)\n    at tryCatcher (http://localhost:45487/__cypress/runner/cypress_runner.js:167415:23)\n    at Promise._settlePromiseFromHandler (http://localhost:45487/__cypress/runner/cypress_runner.js:165351:31)\n    at Promise._settlePromise (http://localhost:45487/__cypress/runner/cypress_runner.js:165408:18)\n    at Promise._settlePromise0 (http://localhost:45487/__cypress/runner/cypress_runner.js:165453:10)\n    at Promise._settlePromises (http://localhost:45487/__cypress/runner/cypress_runner.js:165528:18)\n    at Async../node_modules/bluebird/js/release/async.js.Async._drainQueue (http://localhost:45487/__cypress/runner/cypress_runner.js:162140:16)\n    at Async../node_modules/bluebird/js/release/async.js.Async._drainQueues (http://localhost:45487/__cypress/runner/cypress_runner.js:162150:10)\n    at Async.drainQueues (http://localhost:45487/__cypress/runner/cypress_runner.js:162024:14)",
                "diff": null
              },
              "uuid": "52438069-11d2-4ee7-bfbe-a4fbadcb05c8",
              "parentUUID": "c390dda7-0278-414b-b895-1ba5c4cfdea4",
              "isHook": false,
              "skipped": false
            },
            {
              "title": "Verifica se a paleta de cores não contém cores repetidas.",
              "fullTitle": "2 - Adicione à página uma paleta de quatro cores distintas. Verifica se a paleta de cores não contém cores repetidas.",
              "timedOut": null,
              "duration": 4237,
              "state": "failed",
              "speed": null,
              "pass": false,
              "fail": true,
              "pending": false,
              "context": null,
              "code": "cy.get('.color').then(function (colors) {\n  var allColors = Array.from(colors).map(function (color) {\n    return Cypress.$(color).css('background-color');\n  });\n  cy.log(allColors);\n  var uniqColors = (0, _toConsumableArray2[\"default\"])(new Set(allColors));\n  cy.log(uniqColors);\n  expect(allColors.length).to.eq(uniqColors.length);\n});",
              "err": {
                "message": "CypressError: Timed out retrying: Expected to find element: '.color', but never found it.",
                "estack": "CypressError: Timed out retrying: Expected to find element: '.color', but never found it.\n    at cypressErr (http://localhost:45487/__cypress/runner/cypress_runner.js:149934:9)\n    at throwErr (http://localhost:45487/__cypress/runner/cypress_runner.js:149867:11)\n    at Object.throwErrByPath (http://localhost:45487/__cypress/runner/cypress_runner.js:149915:3)\n    at retry (http://localhost:45487/__cypress/runner/cypress_runner.js:144197:19)\n    at onFailFn (http://localhost:45487/__cypress/runner/cypress_runner.js:132448:16)\n    at tryCatcher (http://localhost:45487/__cypress/runner/cypress_runner.js:167415:23)\n    at Promise._settlePromiseFromHandler (http://localhost:45487/__cypress/runner/cypress_runner.js:165351:31)\n    at Promise._settlePromise (http://localhost:45487/__cypress/runner/cypress_runner.js:165408:18)\n    at Promise._settlePromise0 (http://localhost:45487/__cypress/runner/cypress_runner.js:165453:10)\n    at Promise._settlePromises (http://localhost:45487/__cypress/runner/cypress_runner.js:165528:18)\n    at Async../node_modules/bluebird/js/release/async.js.Async._drainQueue (http://localhost:45487/__cypress/runner/cypress_runner.js:162140:16)\n    at Async../node_modules/bluebird/js/release/async.js.Async._drainQueues (http://localhost:45487/__cypress/runner/cypress_runner.js:162150:10)\n    at Async.drainQueues (http://localhost:45487/__cypress/runner/cypress_runner.js:162024:14)",
                "diff": null
              },
              "uuid": "3bcd4bca-d505-4978-8471-5a229c89cbb6",
              "parentUUID": "c390dda7-0278-414b-b895-1ba5c4cfdea4",
              "isHook": false,
              "skipped": false
            }
          ],
          "suites": [],
          "passes": [],
          "failures": [
            "98677fea-afb5-4fa6-89cb-6dd1bb0da678",
            "945d6e98-5d5b-4b0c-bcd9-f41bc1bdf54e",
            "5d0f3ed2-c843-476e-913d-36f4c192f4fa",
            "2a8f878c-2055-45ef-8f8f-e2767aea170c",
            "627ce150-3a6d-4ae5-8a29-424abf1f3563",
            "52438069-11d2-4ee7-bfbe-a4fbadcb05c8",
            "3bcd4bca-d505-4978-8471-5a229c89cbb6"
          ],
          "pending": [],
          "skipped": [],
          "duration": 29545,
          "root": false,
          "rootEmpty": false,
          "_timeout": 2000
        },
        {
          "uuid": "07964bd1-0d0e-4a79-b72c-1ebb9274a4e3",
          "title": "3 - Adicione a cor **preta** como a primeira cor da paleta de cores.",
          "fullFile": "",
          "file": "",
          "beforeHooks": [],
          "afterHooks": [],
          "tests": [
            {
              "title": "Verifica se a primeira cor da paleta é preta",
              "fullTitle": "3 - Adicione a cor **preta** como a primeira cor da paleta de cores. Verifica se a primeira cor da paleta é preta",
              "timedOut": null,
              "duration": 4250,
              "state": "failed",
              "speed": null,
              "pass": false,
              "fail": true,
              "pending": false,
              "context": null,
              "code": "cy.get('.color').first().should('have.css', 'background-color', BLACK);",
              "err": {
                "message": "CypressError: Timed out retrying: Expected to find element: '.color', but never found it.",
                "estack": "CypressError: Timed out retrying: Expected to find element: '.color', but never found it.\n    at cypressErr (http://localhost:45487/__cypress/runner/cypress_runner.js:149934:9)\n    at throwErr (http://localhost:45487/__cypress/runner/cypress_runner.js:149867:11)\n    at Object.throwErrByPath (http://localhost:45487/__cypress/runner/cypress_runner.js:149915:3)\n    at retry (http://localhost:45487/__cypress/runner/cypress_runner.js:144197:19)\n    at onFailFn (http://localhost:45487/__cypress/runner/cypress_runner.js:132448:16)\n    at tryCatcher (http://localhost:45487/__cypress/runner/cypress_runner.js:167415:23)\n    at Promise._settlePromiseFromHandler (http://localhost:45487/__cypress/runner/cypress_runner.js:165351:31)\n    at Promise._settlePromise (http://localhost:45487/__cypress/runner/cypress_runner.js:165408:18)\n    at Promise._settlePromise0 (http://localhost:45487/__cypress/runner/cypress_runner.js:165453:10)\n    at Promise._settlePromises (http://localhost:45487/__cypress/runner/cypress_runner.js:165528:18)\n    at Async../node_modules/bluebird/js/release/async.js.Async._drainQueue (http://localhost:45487/__cypress/runner/cypress_runner.js:162140:16)\n    at Async../node_modules/bluebird/js/release/async.js.Async._drainQueues (http://localhost:45487/__cypress/runner/cypress_runner.js:162150:10)\n    at Async.drainQueues (http://localhost:45487/__cypress/runner/cypress_runner.js:162024:14)",
                "diff": null
              },
              "uuid": "3248ed58-c367-4416-a036-43016581af4f",
              "parentUUID": "07964bd1-0d0e-4a79-b72c-1ebb9274a4e3",
              "isHook": false,
              "skipped": false
            },
            {
              "title": "Verifica se as demais cores podem ser escolhidas livremente.",
              "fullTitle": "3 - Adicione a cor **preta** como a primeira cor da paleta de cores. Verifica se as demais cores podem ser escolhidas livremente.",
              "timedOut": null,
              "duration": 4210,
              "state": "failed",
              "speed": null,
              "pass": false,
              "fail": true,
              "pending": false,
              "context": null,
              "code": "cy.get('.color').eq(1).should('not.have.css', 'background-color', BLACK);\ncy.get('.color').eq(1).should('not.have.css', 'background-color', WHITE);\ncy.get('.color').eq(1).should('not.have.css', 'background-color', 'rgba(0, 0, 0, 0)');\ncy.get('.color').eq(1).should('have.css', 'background-color');\ncy.get('.color').eq(2).should('not.have.css', 'background-color', BLACK);\ncy.get('.color').eq(2).should('not.have.css', 'background-color', WHITE);\ncy.get('.color').eq(2).should('not.have.css', 'background-color', 'rgba(0, 0, 0, 0)');\ncy.get('.color').eq(2).should('have.css', 'background-color');\ncy.get('.color').eq(3).should('not.have.css', 'background-color', BLACK);\ncy.get('.color').eq(3).should('not.have.css', 'background-color', WHITE);\ncy.get('.color').eq(3).should('not.have.css', 'background-color', 'rgba(0, 0, 0, 0)');\ncy.get('.color').eq(3).should('have.css', 'background-color');",
              "err": {
                "message": "CypressError: Timed out retrying: Expected to find element: '.color', but never found it.",
                "estack": "CypressError: Timed out retrying: Expected to find element: '.color', but never found it.\n    at cypressErr (http://localhost:45487/__cypress/runner/cypress_runner.js:149934:9)\n    at throwErr (http://localhost:45487/__cypress/runner/cypress_runner.js:149867:11)\n    at Object.throwErrByPath (http://localhost:45487/__cypress/runner/cypress_runner.js:149915:3)\n    at retry (http://localhost:45487/__cypress/runner/cypress_runner.js:144197:19)\n    at onFailFn (http://localhost:45487/__cypress/runner/cypress_runner.js:132448:16)\n    at tryCatcher (http://localhost:45487/__cypress/runner/cypress_runner.js:167415:23)\n    at Promise._settlePromiseFromHandler (http://localhost:45487/__cypress/runner/cypress_runner.js:165351:31)\n    at Promise._settlePromise (http://localhost:45487/__cypress/runner/cypress_runner.js:165408:18)\n    at Promise._settlePromise0 (http://localhost:45487/__cypress/runner/cypress_runner.js:165453:10)\n    at Promise._settlePromises (http://localhost:45487/__cypress/runner/cypress_runner.js:165528:18)\n    at Async../node_modules/bluebird/js/release/async.js.Async._drainQueue (http://localhost:45487/__cypress/runner/cypress_runner.js:162140:16)\n    at Async../node_modules/bluebird/js/release/async.js.Async._drainQueues (http://localhost:45487/__cypress/runner/cypress_runner.js:162150:10)\n    at Async.drainQueues (http://localhost:45487/__cypress/runner/cypress_runner.js:162024:14)",
                "diff": null
              },
              "uuid": "950728f4-4fd9-4c26-8cd4-9734ba7c35b8",
              "parentUUID": "07964bd1-0d0e-4a79-b72c-1ebb9274a4e3",
              "isHook": false,
              "skipped": false
            }
          ],
          "suites": [],
          "passes": [],
          "failures": [
            "3248ed58-c367-4416-a036-43016581af4f",
            "950728f4-4fd9-4c26-8cd4-9734ba7c35b8"
          ],
          "pending": [],
          "skipped": [],
          "duration": 8460,
          "root": false,
          "rootEmpty": false,
          "_timeout": 2000
        },
        {
          "uuid": "96a133f0-84f4-49fa-ab14-b3f78ca21bdc",
          "title": "4 - Adicione à página um quadro de pixels, com 25 pixels.",
          "fullFile": "",
          "file": "",
          "beforeHooks": [],
          "afterHooks": [],
          "tests": [
            {
              "title": "Verifica se o quadro de pixels possui o `id` denominado `pixel-board`",
              "fullTitle": "4 - Adicione à página um quadro de pixels, com 25 pixels. Verifica se o quadro de pixels possui o `id` denominado `pixel-board`",
              "timedOut": null,
              "duration": 4242,
              "state": "failed",
              "speed": null,
              "pass": false,
              "fail": true,
              "pending": false,
              "context": null,
              "code": "cy.get('#pixel-board').should('be.visible');",
              "err": {
                "message": "CypressError: Timed out retrying: Expected to find element: '#pixel-board', but never found it.",
                "estack": "CypressError: Timed out retrying: Expected to find element: '#pixel-board', but never found it.\n    at cypressErr (http://localhost:45487/__cypress/runner/cypress_runner.js:149934:9)\n    at throwErr (http://localhost:45487/__cypress/runner/cypress_runner.js:149867:11)\n    at Object.throwErrByPath (http://localhost:45487/__cypress/runner/cypress_runner.js:149915:3)\n    at retry (http://localhost:45487/__cypress/runner/cypress_runner.js:144197:19)\n    at onFailFn (http://localhost:45487/__cypress/runner/cypress_runner.js:132448:16)\n    at tryCatcher (http://localhost:45487/__cypress/runner/cypress_runner.js:167415:23)\n    at Promise._settlePromiseFromHandler (http://localhost:45487/__cypress/runner/cypress_runner.js:165351:31)\n    at Promise._settlePromise (http://localhost:45487/__cypress/runner/cypress_runner.js:165408:18)\n    at Promise._settlePromise0 (http://localhost:45487/__cypress/runner/cypress_runner.js:165453:10)\n    at Promise._settlePromises (http://localhost:45487/__cypress/runner/cypress_runner.js:165528:18)\n    at Async../node_modules/bluebird/js/release/async.js.Async._drainQueue (http://localhost:45487/__cypress/runner/cypress_runner.js:162140:16)\n    at Async../node_modules/bluebird/js/release/async.js.Async._drainQueues (http://localhost:45487/__cypress/runner/cypress_runner.js:162150:10)\n    at Async.drainQueues (http://localhost:45487/__cypress/runner/cypress_runner.js:162024:14)",
                "diff": null
              },
              "uuid": "da1192d6-9c8c-413e-ac27-03b3918c5039",
              "parentUUID": "96a133f0-84f4-49fa-ab14-b3f78ca21bdc",
              "isHook": false,
              "skipped": false
            },
            {
              "title": "Verifica se cada pixel individual dentro do quadro possui a `classe` denominada `pixel`.",
              "fullTitle": "4 - Adicione à página um quadro de pixels, com 25 pixels. Verifica se cada pixel individual dentro do quadro possui a `classe` denominada `pixel`.",
              "timedOut": null,
              "duration": 4239,
              "state": "failed",
              "speed": null,
              "pass": false,
              "fail": true,
              "pending": false,
              "context": null,
              "code": "cy.get('.pixel').should('have.length', 25);",
              "err": {
                "message": "CypressError: Timed out retrying: Expected to find element: '.pixel', but never found it.",
                "estack": "CypressError: Timed out retrying: Expected to find element: '.pixel', but never found it.\n    at cypressErr (http://localhost:45487/__cypress/runner/cypress_runner.js:149934:9)\n    at throwErr (http://localhost:45487/__cypress/runner/cypress_runner.js:149867:11)\n    at Object.throwErrByPath (http://localhost:45487/__cypress/runner/cypress_runner.js:149915:3)\n    at retry (http://localhost:45487/__cypress/runner/cypress_runner.js:144197:19)\n    at onFailFn (http://localhost:45487/__cypress/runner/cypress_runner.js:132448:16)\n    at tryCatcher (http://localhost:45487/__cypress/runner/cypress_runner.js:167415:23)\n    at Promise._settlePromiseFromHandler (http://localhost:45487/__cypress/runner/cypress_runner.js:165351:31)\n    at Promise._settlePromise (http://localhost:45487/__cypress/runner/cypress_runner.js:165408:18)\n    at Promise._settlePromise0 (http://localhost:45487/__cypress/runner/cypress_runner.js:165453:10)\n    at Promise._settlePromises (http://localhost:45487/__cypress/runner/cypress_runner.js:165528:18)\n    at Async../node_modules/bluebird/js/release/async.js.Async._drainQueue (http://localhost:45487/__cypress/runner/cypress_runner.js:162140:16)\n    at Async../node_modules/bluebird/js/release/async.js.Async._drainQueues (http://localhost:45487/__cypress/runner/cypress_runner.js:162150:10)\n    at Async.drainQueues (http://localhost:45487/__cypress/runner/cypress_runner.js:162024:14)",
                "diff": null
              },
              "uuid": "ff42d180-2965-4aec-9131-2b99373d5c0f",
              "parentUUID": "96a133f0-84f4-49fa-ab14-b3f78ca21bdc",
              "isHook": false,
              "skipped": false
            },
            {
              "title": "Verifica se a cor inicial dos pixels dentro do quadro, ao abrir a página, é branca.",
              "fullTitle": "4 - Adicione à página um quadro de pixels, com 25 pixels. Verifica se a cor inicial dos pixels dentro do quadro, ao abrir a página, é branca.",
              "timedOut": null,
              "duration": 4212,
              "state": "failed",
              "speed": null,
              "pass": false,
              "fail": true,
              "pending": false,
              "context": null,
              "code": "cy.get('.pixel').should('have.length', 25).each(function (pixel) {\n  expect(pixel).to.have.css('background-color', WHITE);\n});",
              "err": {
                "message": "CypressError: Timed out retrying: Expected to find element: '.pixel', but never found it.",
                "estack": "CypressError: Timed out retrying: Expected to find element: '.pixel', but never found it.\n    at cypressErr (http://localhost:45487/__cypress/runner/cypress_runner.js:149934:9)\n    at throwErr (http://localhost:45487/__cypress/runner/cypress_runner.js:149867:11)\n    at Object.throwErrByPath (http://localhost:45487/__cypress/runner/cypress_runner.js:149915:3)\n    at retry (http://localhost:45487/__cypress/runner/cypress_runner.js:144197:19)\n    at onFailFn (http://localhost:45487/__cypress/runner/cypress_runner.js:132448:16)\n    at tryCatcher (http://localhost:45487/__cypress/runner/cypress_runner.js:167415:23)\n    at Promise._settlePromiseFromHandler (http://localhost:45487/__cypress/runner/cypress_runner.js:165351:31)\n    at Promise._settlePromise (http://localhost:45487/__cypress/runner/cypress_runner.js:165408:18)\n    at Promise._settlePromise0 (http://localhost:45487/__cypress/runner/cypress_runner.js:165453:10)\n    at Promise._settlePromises (http://localhost:45487/__cypress/runner/cypress_runner.js:165528:18)\n    at Async../node_modules/bluebird/js/release/async.js.Async._drainQueue (http://localhost:45487/__cypress/runner/cypress_runner.js:162140:16)\n    at Async../node_modules/bluebird/js/release/async.js.Async._drainQueues (http://localhost:45487/__cypress/runner/cypress_runner.js:162150:10)\n    at Async.drainQueues (http://localhost:45487/__cypress/runner/cypress_runner.js:162024:14)",
                "diff": null
              },
              "uuid": "9e3b8229-82de-4499-8435-b15e8cfc8f50",
              "parentUUID": "96a133f0-84f4-49fa-ab14-b3f78ca21bdc",
              "isHook": false,
              "skipped": false
            },
            {
              "title": "Verifica se o quadro de pixels aparece abaixo da paleta de cores",
              "fullTitle": "4 - Adicione à página um quadro de pixels, com 25 pixels. Verifica se o quadro de pixels aparece abaixo da paleta de cores",
              "timedOut": null,
              "duration": 4206,
              "state": "failed",
              "speed": null,
              "pass": false,
              "fail": true,
              "pending": false,
              "context": null,
              "code": "cy.get('#color-palette').then(function (palette) {\n  cy.get('#pixel-board').should('be.belowOf', palette);\n});",
              "err": {
                "message": "CypressError: Timed out retrying: Expected to find element: '#color-palette', but never found it.",
                "estack": "CypressError: Timed out retrying: Expected to find element: '#color-palette', but never found it.\n    at cypressErr (http://localhost:45487/__cypress/runner/cypress_runner.js:149934:9)\n    at throwErr (http://localhost:45487/__cypress/runner/cypress_runner.js:149867:11)\n    at Object.throwErrByPath (http://localhost:45487/__cypress/runner/cypress_runner.js:149915:3)\n    at retry (http://localhost:45487/__cypress/runner/cypress_runner.js:144197:19)\n    at onFailFn (http://localhost:45487/__cypress/runner/cypress_runner.js:132448:16)\n    at tryCatcher (http://localhost:45487/__cypress/runner/cypress_runner.js:167415:23)\n    at Promise._settlePromiseFromHandler (http://localhost:45487/__cypress/runner/cypress_runner.js:165351:31)\n    at Promise._settlePromise (http://localhost:45487/__cypress/runner/cypress_runner.js:165408:18)\n    at Promise._settlePromise0 (http://localhost:45487/__cypress/runner/cypress_runner.js:165453:10)\n    at Promise._settlePromises (http://localhost:45487/__cypress/runner/cypress_runner.js:165528:18)\n    at Async../node_modules/bluebird/js/release/async.js.Async._drainQueue (http://localhost:45487/__cypress/runner/cypress_runner.js:162140:16)\n    at Async../node_modules/bluebird/js/release/async.js.Async._drainQueues (http://localhost:45487/__cypress/runner/cypress_runner.js:162150:10)\n    at Async.drainQueues (http://localhost:45487/__cypress/runner/cypress_runner.js:162024:14)",
                "diff": null
              },
              "uuid": "a4c16d98-4986-436b-894a-7af13a5dab91",
              "parentUUID": "96a133f0-84f4-49fa-ab14-b3f78ca21bdc",
              "isHook": false,
              "skipped": false
            }
          ],
          "suites": [],
          "passes": [],
          "failures": [
            "da1192d6-9c8c-413e-ac27-03b3918c5039",
            "ff42d180-2965-4aec-9131-2b99373d5c0f",
            "9e3b8229-82de-4499-8435-b15e8cfc8f50",
            "a4c16d98-4986-436b-894a-7af13a5dab91"
          ],
          "pending": [],
          "skipped": [],
          "duration": 16899,
          "root": false,
          "rootEmpty": false,
          "_timeout": 2000
        },
        {
          "uuid": "88f655b6-530c-42a1-a8dd-86f6c0940da8",
          "title": "5 - Faça com que cada elemento do quadro de pixels possua 40 pixels de largura, 40 pixels de altura e seja delimitado por uma borda preta de 1 pixel.",
          "fullFile": "",
          "file": "",
          "beforeHooks": [],
          "afterHooks": [],
          "tests": [
            {
              "title": "Verifica se o quadro de pixels tem altura e comprimento de 5 elementos",
              "fullTitle": "5 - Faça com que cada elemento do quadro de pixels possua 40 pixels de largura, 40 pixels de altura e seja delimitado por uma borda preta de 1 pixel. Verifica se o quadro de pixels tem altura e comprimento de 5 elementos",
              "timedOut": null,
              "duration": 4217,
              "state": "failed",
              "speed": null,
              "pass": false,
              "fail": true,
              "pending": false,
              "context": null,
              "code": "cy.get('.pixel').should('have.length', 25).each(function (pixel) {\n  expect(pixel).to.have.css('background-color', WHITE);\n}).and(function (pixels) {\n  var rows = chunk(pixels, 5);\n  rows.forEach(function (row) {\n    for (var index = 1; index < row.length; index += 1) {\n      var current = pixels[index];\n      var previous = pixels[index - 1];\n      cy.wrap(current).should('be.onTheRightOf', previous).and('be.horizontallyAlignedWith', previous);\n    }\n  });\n  for (var index = 1; index < 5; index += 1) {\n    expect(pixels[index * 5]).to.be.belowOf(pixels[(index - 1) * 5]);\n  }\n});",
              "err": {
                "message": "CypressError: Timed out retrying: Expected to find element: '.pixel', but never found it.",
                "estack": "CypressError: Timed out retrying: Expected to find element: '.pixel', but never found it.\n    at cypressErr (http://localhost:45487/__cypress/runner/cypress_runner.js:149934:9)\n    at throwErr (http://localhost:45487/__cypress/runner/cypress_runner.js:149867:11)\n    at Object.throwErrByPath (http://localhost:45487/__cypress/runner/cypress_runner.js:149915:3)\n    at retry (http://localhost:45487/__cypress/runner/cypress_runner.js:144197:19)\n    at onFailFn (http://localhost:45487/__cypress/runner/cypress_runner.js:132448:16)\n    at tryCatcher (http://localhost:45487/__cypress/runner/cypress_runner.js:167415:23)\n    at Promise._settlePromiseFromHandler (http://localhost:45487/__cypress/runner/cypress_runner.js:165351:31)\n    at Promise._settlePromise (http://localhost:45487/__cypress/runner/cypress_runner.js:165408:18)\n    at Promise._settlePromise0 (http://localhost:45487/__cypress/runner/cypress_runner.js:165453:10)\n    at Promise._settlePromises (http://localhost:45487/__cypress/runner/cypress_runner.js:165528:18)\n    at Async../node_modules/bluebird/js/release/async.js.Async._drainQueue (http://localhost:45487/__cypress/runner/cypress_runner.js:162140:16)\n    at Async../node_modules/bluebird/js/release/async.js.Async._drainQueues (http://localhost:45487/__cypress/runner/cypress_runner.js:162150:10)\n    at Async.drainQueues (http://localhost:45487/__cypress/runner/cypress_runner.js:162024:14)",
                "diff": null
              },
              "uuid": "d258bea9-1bcc-4ca7-b986-48f9603d346b",
              "parentUUID": "88f655b6-530c-42a1-a8dd-86f6c0940da8",
              "isHook": false,
              "skipped": false
            },
            {
              "title": "Verifica se 40 pixels é o tamanho total do elemento, incluindo seu conteúdo e excluindo a borda preta, que deve ser criada à parte.",
              "fullTitle": "5 - Faça com que cada elemento do quadro de pixels possua 40 pixels de largura, 40 pixels de altura e seja delimitado por uma borda preta de 1 pixel. Verifica se 40 pixels é o tamanho total do elemento, incluindo seu conteúdo e excluindo a borda preta, que deve ser criada à parte.",
              "timedOut": null,
              "duration": 4291,
              "state": "failed",
              "speed": null,
              "pass": false,
              "fail": true,
              "pending": false,
              "context": null,
              "code": "cy.get('.pixel').each(function (pixel) {\n  cy.wrap(pixel).should('have.css', 'height', '40px').and('have.css', 'width', '40px').and('have.css', 'border', \"1px solid \".concat(BLACK));\n});",
              "err": {
                "message": "CypressError: Timed out retrying: Expected to find element: '.pixel', but never found it.",
                "estack": "CypressError: Timed out retrying: Expected to find element: '.pixel', but never found it.\n    at cypressErr (http://localhost:45487/__cypress/runner/cypress_runner.js:149934:9)\n    at throwErr (http://localhost:45487/__cypress/runner/cypress_runner.js:149867:11)\n    at Object.throwErrByPath (http://localhost:45487/__cypress/runner/cypress_runner.js:149915:3)\n    at retry (http://localhost:45487/__cypress/runner/cypress_runner.js:144197:19)\n    at onFailFn (http://localhost:45487/__cypress/runner/cypress_runner.js:132448:16)\n    at tryCatcher (http://localhost:45487/__cypress/runner/cypress_runner.js:167415:23)\n    at Promise._settlePromiseFromHandler (http://localhost:45487/__cypress/runner/cypress_runner.js:165351:31)\n    at Promise._settlePromise (http://localhost:45487/__cypress/runner/cypress_runner.js:165408:18)\n    at Promise._settlePromise0 (http://localhost:45487/__cypress/runner/cypress_runner.js:165453:10)\n    at Promise._settlePromises (http://localhost:45487/__cypress/runner/cypress_runner.js:165528:18)\n    at Async../node_modules/bluebird/js/release/async.js.Async._drainQueue (http://localhost:45487/__cypress/runner/cypress_runner.js:162140:16)\n    at Async../node_modules/bluebird/js/release/async.js.Async._drainQueues (http://localhost:45487/__cypress/runner/cypress_runner.js:162150:10)\n    at Async.drainQueues (http://localhost:45487/__cypress/runner/cypress_runner.js:162024:14)",
                "diff": null
              },
              "uuid": "42840d96-9993-4835-b1ff-71b8af608a2d",
              "parentUUID": "88f655b6-530c-42a1-a8dd-86f6c0940da8",
              "isHook": false,
              "skipped": false
            }
          ],
          "suites": [],
          "passes": [],
          "failures": [
            "d258bea9-1bcc-4ca7-b986-48f9603d346b",
            "42840d96-9993-4835-b1ff-71b8af608a2d"
          ],
          "pending": [],
          "skipped": [],
          "duration": 8508,
          "root": false,
          "rootEmpty": false,
          "_timeout": 2000
        },
        {
          "uuid": "e7d3ae6d-7256-40ed-ab3d-6cf483ab7eac",
          "title": "6 - Defina a cor preta como cor inicial. Ao carregar a página a cor preta já deve estar selecionada para pintar os pixels",
          "fullFile": "",
          "file": "",
          "beforeHooks": [],
          "afterHooks": [],
          "tests": [
            {
              "title": "Verifica se o elemento da cor preta possui, inicialmente, a `classe` `selected`",
              "fullTitle": "6 - Defina a cor preta como cor inicial. Ao carregar a página a cor preta já deve estar selecionada para pintar os pixels Verifica se o elemento da cor preta possui, inicialmente, a `classe` `selected`",
              "timedOut": null,
              "duration": 4226,
              "state": "failed",
              "speed": null,
              "pass": false,
              "fail": true,
              "pending": false,
              "context": null,
              "code": "cy.get('.selected').first().should('have.css', 'background-color', BLACK);",
              "err": {
                "message": "CypressError: Timed out retrying: Expected to find element: '.selected', but never found it.",
                "estack": "CypressError: Timed out retrying: Expected to find element: '.selected', but never found it.\n    at cypressErr (http://localhost:45487/__cypress/runner/cypress_runner.js:149934:9)\n    at throwErr (http://localhost:45487/__cypress/runner/cypress_runner.js:149867:11)\n    at Object.throwErrByPath (http://localhost:45487/__cypress/runner/cypress_runner.js:149915:3)\n    at retry (http://localhost:45487/__cypress/runner/cypress_runner.js:144197:19)\n    at onFailFn (http://localhost:45487/__cypress/runner/cypress_runner.js:132448:16)\n    at tryCatcher (http://localhost:45487/__cypress/runner/cypress_runner.js:167415:23)\n    at Promise._settlePromiseFromHandler (http://localhost:45487/__cypress/runner/cypress_runner.js:165351:31)\n    at Promise._settlePromise (http://localhost:45487/__cypress/runner/cypress_runner.js:165408:18)\n    at Promise._settlePromise0 (http://localhost:45487/__cypress/runner/cypress_runner.js:165453:10)\n    at Promise._settlePromises (http://localhost:45487/__cypress/runner/cypress_runner.js:165528:18)\n    at Async../node_modules/bluebird/js/release/async.js.Async._drainQueue (http://localhost:45487/__cypress/runner/cypress_runner.js:162140:16)\n    at Async../node_modules/bluebird/js/release/async.js.Async._drainQueues (http://localhost:45487/__cypress/runner/cypress_runner.js:162150:10)\n    at Async.drainQueues (http://localhost:45487/__cypress/runner/cypress_runner.js:162024:14)",
                "diff": null
              },
              "uuid": "1b7bedc9-6db8-46b2-b3e5-f1528e4293de",
              "parentUUID": "e7d3ae6d-7256-40ed-ab3d-6cf483ab7eac",
              "isHook": false,
              "skipped": false
            },
            {
              "title": "Verifica se nenhuma outra cor da paleta tem a `classe` `selected`",
              "fullTitle": "6 - Defina a cor preta como cor inicial. Ao carregar a página a cor preta já deve estar selecionada para pintar os pixels Verifica se nenhuma outra cor da paleta tem a `classe` `selected`",
              "timedOut": null,
              "duration": 4240,
              "state": "failed",
              "speed": null,
              "pass": false,
              "fail": true,
              "pending": false,
              "context": null,
              "code": "cy.get('.color:not(:first-child)').each(function (color) {\n  cy.wrap(color).should('not.have.class', 'selected');\n});",
              "err": {
                "message": "CypressError: Timed out retrying: Expected to find element: '.color:not(:first-child)', but never found it.",
                "estack": "CypressError: Timed out retrying: Expected to find element: '.color:not(:first-child)', but never found it.\n    at cypressErr (http://localhost:45487/__cypress/runner/cypress_runner.js:149934:9)\n    at throwErr (http://localhost:45487/__cypress/runner/cypress_runner.js:149867:11)\n    at Object.throwErrByPath (http://localhost:45487/__cypress/runner/cypress_runner.js:149915:3)\n    at retry (http://localhost:45487/__cypress/runner/cypress_runner.js:144197:19)\n    at onFailFn (http://localhost:45487/__cypress/runner/cypress_runner.js:132448:16)\n    at tryCatcher (http://localhost:45487/__cypress/runner/cypress_runner.js:167415:23)\n    at Promise._settlePromiseFromHandler (http://localhost:45487/__cypress/runner/cypress_runner.js:165351:31)\n    at Promise._settlePromise (http://localhost:45487/__cypress/runner/cypress_runner.js:165408:18)\n    at Promise._settlePromise0 (http://localhost:45487/__cypress/runner/cypress_runner.js:165453:10)\n    at Promise._settlePromises (http://localhost:45487/__cypress/runner/cypress_runner.js:165528:18)\n    at Async../node_modules/bluebird/js/release/async.js.Async._drainQueue (http://localhost:45487/__cypress/runner/cypress_runner.js:162140:16)\n    at Async../node_modules/bluebird/js/release/async.js.Async._drainQueues (http://localhost:45487/__cypress/runner/cypress_runner.js:162150:10)\n    at Async.drainQueues (http://localhost:45487/__cypress/runner/cypress_runner.js:162024:14)",
                "diff": null
              },
              "uuid": "4643c19b-2670-41b4-b029-e5b47edec0f5",
              "parentUUID": "e7d3ae6d-7256-40ed-ab3d-6cf483ab7eac",
              "isHook": false,
              "skipped": false
            }
          ],
          "suites": [],
          "passes": [],
          "failures": [
            "1b7bedc9-6db8-46b2-b3e5-f1528e4293de",
            "4643c19b-2670-41b4-b029-e5b47edec0f5"
          ],
          "pending": [],
          "skipped": [],
          "duration": 8466,
          "root": false,
          "rootEmpty": false,
          "_timeout": 2000
        },
        {
          "uuid": "69aeeb5a-48ed-4764-a9ef-47c0c879e872",
          "title": "7 - Clicar em uma das cores da paleta, faz com que ela seja selecionada e utilizada para preencher os pixels no quadro.",
          "fullFile": "",
          "file": "",
          "beforeHooks": [],
          "afterHooks": [],
          "tests": [
            {
              "title": "Verifica se somente uma cor da paleta de cores tem a classe `selected` de cada vez",
              "fullTitle": "7 - Clicar em uma das cores da paleta, faz com que ela seja selecionada e utilizada para preencher os pixels no quadro. Verifica se somente uma cor da paleta de cores tem a classe `selected` de cada vez",
              "timedOut": null,
              "duration": 4281,
              "state": "failed",
              "speed": null,
              "pass": false,
              "fail": true,
              "pending": false,
              "context": null,
              "code": "cy.get('.color').each(function (selectedColor, selectedColorIndex) {\n  cy.wrap(selectedColor).click();\n  cy.get('.color').each(function (color, colorIndex) {\n    if (colorIndex === selectedColorIndex) {\n      expect(color).to.have[\"class\"]('selected');\n    } else {\n      expect(color).not.to.have[\"class\"]('selected');\n    }\n  });\n});",
              "err": {
                "message": "CypressError: Timed out retrying: Expected to find element: '.color', but never found it.",
                "estack": "CypressError: Timed out retrying: Expected to find element: '.color', but never found it.\n    at cypressErr (http://localhost:45487/__cypress/runner/cypress_runner.js:149934:9)\n    at throwErr (http://localhost:45487/__cypress/runner/cypress_runner.js:149867:11)\n    at Object.throwErrByPath (http://localhost:45487/__cypress/runner/cypress_runner.js:149915:3)\n    at retry (http://localhost:45487/__cypress/runner/cypress_runner.js:144197:19)\n    at onFailFn (http://localhost:45487/__cypress/runner/cypress_runner.js:132448:16)\n    at tryCatcher (http://localhost:45487/__cypress/runner/cypress_runner.js:167415:23)\n    at Promise._settlePromiseFromHandler (http://localhost:45487/__cypress/runner/cypress_runner.js:165351:31)\n    at Promise._settlePromise (http://localhost:45487/__cypress/runner/cypress_runner.js:165408:18)\n    at Promise._settlePromise0 (http://localhost:45487/__cypress/runner/cypress_runner.js:165453:10)\n    at Promise._settlePromises (http://localhost:45487/__cypress/runner/cypress_runner.js:165528:18)\n    at Async../node_modules/bluebird/js/release/async.js.Async._drainQueue (http://localhost:45487/__cypress/runner/cypress_runner.js:162140:16)\n    at Async../node_modules/bluebird/js/release/async.js.Async._drainQueues (http://localhost:45487/__cypress/runner/cypress_runner.js:162150:10)\n    at Async.drainQueues (http://localhost:45487/__cypress/runner/cypress_runner.js:162024:14)",
                "diff": null
              },
              "uuid": "a291ed75-1fa2-4c71-b5ba-541eda88a156",
              "parentUUID": "69aeeb5a-48ed-4764-a9ef-47c0c879e872",
              "isHook": false,
              "skipped": false
            },
            {
              "title": "Verifica se os pixels dentro do quadro não têm a classe `selected` quando são clicados",
              "fullTitle": "7 - Clicar em uma das cores da paleta, faz com que ela seja selecionada e utilizada para preencher os pixels no quadro. Verifica se os pixels dentro do quadro não têm a classe `selected` quando são clicados",
              "timedOut": null,
              "duration": 4237,
              "state": "failed",
              "speed": null,
              "pass": false,
              "fail": true,
              "pending": false,
              "context": null,
              "code": "cy.get('.color').each(function (color) {\n  var backgroundColor = color.css('background-color');\n  cy.wrap(color).click();\n  cy.get('.pixel').each(function (pixel) {\n    cy.wrap(pixel).click().should('not.have.class', 'selected');\n  });\n});",
              "err": {
                "message": "CypressError: Timed out retrying: Expected to find element: '.color', but never found it.",
                "estack": "CypressError: Timed out retrying: Expected to find element: '.color', but never found it.\n    at cypressErr (http://localhost:45487/__cypress/runner/cypress_runner.js:149934:9)\n    at throwErr (http://localhost:45487/__cypress/runner/cypress_runner.js:149867:11)\n    at Object.throwErrByPath (http://localhost:45487/__cypress/runner/cypress_runner.js:149915:3)\n    at retry (http://localhost:45487/__cypress/runner/cypress_runner.js:144197:19)\n    at onFailFn (http://localhost:45487/__cypress/runner/cypress_runner.js:132448:16)\n    at tryCatcher (http://localhost:45487/__cypress/runner/cypress_runner.js:167415:23)\n    at Promise._settlePromiseFromHandler (http://localhost:45487/__cypress/runner/cypress_runner.js:165351:31)\n    at Promise._settlePromise (http://localhost:45487/__cypress/runner/cypress_runner.js:165408:18)\n    at Promise._settlePromise0 (http://localhost:45487/__cypress/runner/cypress_runner.js:165453:10)\n    at Promise._settlePromises (http://localhost:45487/__cypress/runner/cypress_runner.js:165528:18)\n    at Async../node_modules/bluebird/js/release/async.js.Async._drainQueue (http://localhost:45487/__cypress/runner/cypress_runner.js:162140:16)\n    at Async../node_modules/bluebird/js/release/async.js.Async._drainQueues (http://localhost:45487/__cypress/runner/cypress_runner.js:162150:10)\n    at Async.drainQueues (http://localhost:45487/__cypress/runner/cypress_runner.js:162024:14)",
                "diff": null
              },
              "uuid": "8335708f-0b18-4e96-a395-4403ac78c5f8",
              "parentUUID": "69aeeb5a-48ed-4764-a9ef-47c0c879e872",
              "isHook": false,
              "skipped": false
            }
          ],
          "suites": [],
          "passes": [],
          "failures": [
            "a291ed75-1fa2-4c71-b5ba-541eda88a156",
            "8335708f-0b18-4e96-a395-4403ac78c5f8"
          ],
          "pending": [],
          "skipped": [],
          "duration": 8518,
          "root": false,
          "rootEmpty": false,
          "_timeout": 2000
        },
        {
          "uuid": "f6cfdd91-f4d5-434f-b861-44f0a401b147",
          "title": "8 - Clicar em um pixel dentro do quadro após selecionar uma cor na paleta, faz com que o pixel seja preenchido com a cor selecionada.",
          "fullFile": "",
          "file": "",
          "beforeHooks": [],
          "afterHooks": [],
          "tests": [
            {
              "title": "Verifica se ao carregar a página deve ser possível pintar os pixels de preto",
              "fullTitle": "8 - Clicar em um pixel dentro do quadro após selecionar uma cor na paleta, faz com que o pixel seja preenchido com a cor selecionada. Verifica se ao carregar a página deve ser possível pintar os pixels de preto",
              "timedOut": null,
              "duration": 4247,
              "state": "failed",
              "speed": null,
              "pass": false,
              "fail": true,
              "pending": false,
              "context": null,
              "code": "cy.get('.pixel').each(function (pixel) {\n  cy.wrap(pixel).click().should('have.css', 'background-color', BLACK);\n});",
              "err": {
                "message": "CypressError: Timed out retrying: Expected to find element: '.pixel', but never found it.",
                "estack": "CypressError: Timed out retrying: Expected to find element: '.pixel', but never found it.\n    at cypressErr (http://localhost:45487/__cypress/runner/cypress_runner.js:149934:9)\n    at throwErr (http://localhost:45487/__cypress/runner/cypress_runner.js:149867:11)\n    at Object.throwErrByPath (http://localhost:45487/__cypress/runner/cypress_runner.js:149915:3)\n    at retry (http://localhost:45487/__cypress/runner/cypress_runner.js:144197:19)\n    at onFailFn (http://localhost:45487/__cypress/runner/cypress_runner.js:132448:16)\n    at tryCatcher (http://localhost:45487/__cypress/runner/cypress_runner.js:167415:23)\n    at Promise._settlePromiseFromHandler (http://localhost:45487/__cypress/runner/cypress_runner.js:165351:31)\n    at Promise._settlePromise (http://localhost:45487/__cypress/runner/cypress_runner.js:165408:18)\n    at Promise._settlePromise0 (http://localhost:45487/__cypress/runner/cypress_runner.js:165453:10)\n    at Promise._settlePromises (http://localhost:45487/__cypress/runner/cypress_runner.js:165528:18)\n    at Async../node_modules/bluebird/js/release/async.js.Async._drainQueue (http://localhost:45487/__cypress/runner/cypress_runner.js:162140:16)\n    at Async../node_modules/bluebird/js/release/async.js.Async._drainQueues (http://localhost:45487/__cypress/runner/cypress_runner.js:162150:10)\n    at Async.drainQueues (http://localhost:45487/__cypress/runner/cypress_runner.js:162024:14)",
                "diff": null
              },
              "uuid": "6da5f762-2c87-4598-a7dd-36c2559327b4",
              "parentUUID": "f6cfdd91-f4d5-434f-b861-44f0a401b147",
              "isHook": false,
              "skipped": false
            },
            {
              "title": "Verifica se após selecionar uma outra cor na paleta, é possível pintar os pixels com essa cor",
              "fullTitle": "8 - Clicar em um pixel dentro do quadro após selecionar uma cor na paleta, faz com que o pixel seja preenchido com a cor selecionada. Verifica se após selecionar uma outra cor na paleta, é possível pintar os pixels com essa cor",
              "timedOut": null,
              "duration": 4265,
              "state": "failed",
              "speed": null,
              "pass": false,
              "fail": true,
              "pending": false,
              "context": null,
              "code": "cy.get('.color').each(function (color) {\n  var backgroundColor = color.css('background-color');\n  cy.wrap(color).click();\n  cy.get('.pixel').each(function (pixel) {\n    cy.wrap(pixel).click().should('have.css', 'background-color', backgroundColor);\n  });\n});",
              "err": {
                "message": "CypressError: Timed out retrying: Expected to find element: '.color', but never found it.",
                "estack": "CypressError: Timed out retrying: Expected to find element: '.color', but never found it.\n    at cypressErr (http://localhost:45487/__cypress/runner/cypress_runner.js:149934:9)\n    at throwErr (http://localhost:45487/__cypress/runner/cypress_runner.js:149867:11)\n    at Object.throwErrByPath (http://localhost:45487/__cypress/runner/cypress_runner.js:149915:3)\n    at retry (http://localhost:45487/__cypress/runner/cypress_runner.js:144197:19)\n    at onFailFn (http://localhost:45487/__cypress/runner/cypress_runner.js:132448:16)\n    at tryCatcher (http://localhost:45487/__cypress/runner/cypress_runner.js:167415:23)\n    at Promise._settlePromiseFromHandler (http://localhost:45487/__cypress/runner/cypress_runner.js:165351:31)\n    at Promise._settlePromise (http://localhost:45487/__cypress/runner/cypress_runner.js:165408:18)\n    at Promise._settlePromise0 (http://localhost:45487/__cypress/runner/cypress_runner.js:165453:10)\n    at Promise._settlePromises (http://localhost:45487/__cypress/runner/cypress_runner.js:165528:18)\n    at Async../node_modules/bluebird/js/release/async.js.Async._drainQueue (http://localhost:45487/__cypress/runner/cypress_runner.js:162140:16)\n    at Async../node_modules/bluebird/js/release/async.js.Async._drainQueues (http://localhost:45487/__cypress/runner/cypress_runner.js:162150:10)\n    at Async.drainQueues (http://localhost:45487/__cypress/runner/cypress_runner.js:162024:14)",
                "diff": null
              },
              "uuid": "e9747bf5-8a27-452d-9e81-14a1971bada4",
              "parentUUID": "f6cfdd91-f4d5-434f-b861-44f0a401b147",
              "isHook": false,
              "skipped": false
            },
            {
              "title": "Verifica se somente o pixel que foi clicado foi preenchido com a cor selecionada, sem influenciar na cor dos demais pixels.",
              "fullTitle": "8 - Clicar em um pixel dentro do quadro após selecionar uma cor na paleta, faz com que o pixel seja preenchido com a cor selecionada. Verifica se somente o pixel que foi clicado foi preenchido com a cor selecionada, sem influenciar na cor dos demais pixels.",
              "timedOut": null,
              "duration": 4268,
              "state": "failed",
              "speed": null,
              "pass": false,
              "fail": true,
              "pending": false,
              "context": null,
              "code": "var colorToPixelIndexMap = {\n  0: 6,\n  1: 8,\n  2: 16,\n  3: 18\n};\ncy.get('.color').each(function (color, index) {\n  cy.wrap(color).click();\n  var backgroundColor = color.css('background-color');\n  var clickedPixelIndex = colorToPixelIndexMap[index];\n  cy.get('.pixel').eq(clickedPixelIndex).click();\n  cy.get('.pixel').eq(clickedPixelIndex - 1).should('not.have.css', 'background-color', backgroundColor);\n  cy.get('.pixel').eq(clickedPixelIndex + 1).should('not.have.css', 'background-color', backgroundColor);\n  cy.get('.pixel').eq(clickedPixelIndex - 5).should('not.have.css', 'background-color', backgroundColor);\n  cy.get('.pixel').eq(clickedPixelIndex + 5).should('not.have.css', 'background-color', backgroundColor);\n  cy.get('.pixel').eq(clickedPixelIndex - 6).should('not.have.css', 'background-color', backgroundColor);\n  cy.get('.pixel').eq(clickedPixelIndex - 4).should('not.have.css', 'background-color', backgroundColor);\n  cy.get('.pixel').eq(clickedPixelIndex + 4).should('not.have.css', 'background-color', backgroundColor);\n  cy.get('.pixel').eq(clickedPixelIndex + 6).should('not.have.css', 'background-color', backgroundColor);\n});",
              "err": {
                "message": "CypressError: Timed out retrying: Expected to find element: '.color', but never found it.",
                "estack": "CypressError: Timed out retrying: Expected to find element: '.color', but never found it.\n    at cypressErr (http://localhost:45487/__cypress/runner/cypress_runner.js:149934:9)\n    at throwErr (http://localhost:45487/__cypress/runner/cypress_runner.js:149867:11)\n    at Object.throwErrByPath (http://localhost:45487/__cypress/runner/cypress_runner.js:149915:3)\n    at retry (http://localhost:45487/__cypress/runner/cypress_runner.js:144197:19)\n    at onFailFn (http://localhost:45487/__cypress/runner/cypress_runner.js:132448:16)\n    at tryCatcher (http://localhost:45487/__cypress/runner/cypress_runner.js:167415:23)\n    at Promise._settlePromiseFromHandler (http://localhost:45487/__cypress/runner/cypress_runner.js:165351:31)\n    at Promise._settlePromise (http://localhost:45487/__cypress/runner/cypress_runner.js:165408:18)\n    at Promise._settlePromise0 (http://localhost:45487/__cypress/runner/cypress_runner.js:165453:10)\n    at Promise._settlePromises (http://localhost:45487/__cypress/runner/cypress_runner.js:165528:18)\n    at Async../node_modules/bluebird/js/release/async.js.Async._drainQueue (http://localhost:45487/__cypress/runner/cypress_runner.js:162140:16)\n    at Async../node_modules/bluebird/js/release/async.js.Async._drainQueues (http://localhost:45487/__cypress/runner/cypress_runner.js:162150:10)\n    at Async.drainQueues (http://localhost:45487/__cypress/runner/cypress_runner.js:162024:14)",
                "diff": null
              },
              "uuid": "31ca9da3-60f9-4f40-bb72-c3bd28835144",
              "parentUUID": "f6cfdd91-f4d5-434f-b861-44f0a401b147",
              "isHook": false,
              "skipped": false
            }
          ],
          "suites": [],
          "passes": [],
          "failures": [
            "6da5f762-2c87-4598-a7dd-36c2559327b4",
            "e9747bf5-8a27-452d-9e81-14a1971bada4",
            "31ca9da3-60f9-4f40-bb72-c3bd28835144"
          ],
          "pending": [],
          "skipped": [],
          "duration": 12780,
          "root": false,
          "rootEmpty": false,
          "_timeout": 2000
        },
        {
          "uuid": "26763a20-4053-4357-9c13-8fb31b7787d0",
          "title": "9 - Crie um botão que, ao ser clicado, limpa o quadro preenchendo a cor de todos seus pixels com branco.",
          "fullFile": "",
          "file": "",
          "beforeHooks": [],
          "afterHooks": [],
          "tests": [
            {
              "title": "Verifica se o botão tem o `id` denominado `clear-board`",
              "fullTitle": "9 - Crie um botão que, ao ser clicado, limpa o quadro preenchendo a cor de todos seus pixels com branco. Verifica se o botão tem o `id` denominado `clear-board`",
              "timedOut": null,
              "duration": 4253,
              "state": "failed",
              "speed": null,
              "pass": false,
              "fail": true,
              "pending": false,
              "context": null,
              "code": "cy.get('#clear-board').should('be.visible');",
              "err": {
                "message": "CypressError: Timed out retrying: Expected to find element: '#clear-board', but never found it.",
                "estack": "CypressError: Timed out retrying: Expected to find element: '#clear-board', but never found it.\n    at cypressErr (http://localhost:45487/__cypress/runner/cypress_runner.js:149934:9)\n    at throwErr (http://localhost:45487/__cypress/runner/cypress_runner.js:149867:11)\n    at Object.throwErrByPath (http://localhost:45487/__cypress/runner/cypress_runner.js:149915:3)\n    at retry (http://localhost:45487/__cypress/runner/cypress_runner.js:144197:19)\n    at onFailFn (http://localhost:45487/__cypress/runner/cypress_runner.js:132448:16)\n    at tryCatcher (http://localhost:45487/__cypress/runner/cypress_runner.js:167415:23)\n    at Promise._settlePromiseFromHandler (http://localhost:45487/__cypress/runner/cypress_runner.js:165351:31)\n    at Promise._settlePromise (http://localhost:45487/__cypress/runner/cypress_runner.js:165408:18)\n    at Promise._settlePromise0 (http://localhost:45487/__cypress/runner/cypress_runner.js:165453:10)\n    at Promise._settlePromises (http://localhost:45487/__cypress/runner/cypress_runner.js:165528:18)\n    at Async../node_modules/bluebird/js/release/async.js.Async._drainQueue (http://localhost:45487/__cypress/runner/cypress_runner.js:162140:16)\n    at Async../node_modules/bluebird/js/release/async.js.Async._drainQueues (http://localhost:45487/__cypress/runner/cypress_runner.js:162150:10)\n    at Async.drainQueues (http://localhost:45487/__cypress/runner/cypress_runner.js:162024:14)",
                "diff": null
              },
              "uuid": "6e869e09-0246-4568-a0ce-7aedab784061",
              "parentUUID": "26763a20-4053-4357-9c13-8fb31b7787d0",
              "isHook": false,
              "skipped": false
            },
            {
              "title": "Verifica se o botão está posicionado entre a paleta de cores e o quadro de pixels",
              "fullTitle": "9 - Crie um botão que, ao ser clicado, limpa o quadro preenchendo a cor de todos seus pixels com branco. Verifica se o botão está posicionado entre a paleta de cores e o quadro de pixels",
              "timedOut": null,
              "duration": 4299,
              "state": "failed",
              "speed": null,
              "pass": false,
              "fail": true,
              "pending": false,
              "context": null,
              "code": "cy.get('#color-palette').then(function (palette) {\n  cy.get('#clear-board').should('be.belowOf', palette);\n});\ncy.get('#clear-board').then(function (clearBtn) {\n  cy.get('#pixel-board').should('be.belowOf', clearBtn);\n});",
              "err": {
                "message": "CypressError: Timed out retrying: Expected to find element: '#color-palette', but never found it.",
                "estack": "CypressError: Timed out retrying: Expected to find element: '#color-palette', but never found it.\n    at cypressErr (http://localhost:45487/__cypress/runner/cypress_runner.js:149934:9)\n    at throwErr (http://localhost:45487/__cypress/runner/cypress_runner.js:149867:11)\n    at Object.throwErrByPath (http://localhost:45487/__cypress/runner/cypress_runner.js:149915:3)\n    at retry (http://localhost:45487/__cypress/runner/cypress_runner.js:144197:19)\n    at onFailFn (http://localhost:45487/__cypress/runner/cypress_runner.js:132448:16)\n    at tryCatcher (http://localhost:45487/__cypress/runner/cypress_runner.js:167415:23)\n    at Promise._settlePromiseFromHandler (http://localhost:45487/__cypress/runner/cypress_runner.js:165351:31)\n    at Promise._settlePromise (http://localhost:45487/__cypress/runner/cypress_runner.js:165408:18)\n    at Promise._settlePromise0 (http://localhost:45487/__cypress/runner/cypress_runner.js:165453:10)\n    at Promise._settlePromises (http://localhost:45487/__cypress/runner/cypress_runner.js:165528:18)\n    at Async../node_modules/bluebird/js/release/async.js.Async._drainQueue (http://localhost:45487/__cypress/runner/cypress_runner.js:162140:16)\n    at Async../node_modules/bluebird/js/release/async.js.Async._drainQueues (http://localhost:45487/__cypress/runner/cypress_runner.js:162150:10)\n    at Async.drainQueues (http://localhost:45487/__cypress/runner/cypress_runner.js:162024:14)",
                "diff": null
              },
              "uuid": "93bbfbeb-1edc-4323-b9ad-f81e7fb7034a",
              "parentUUID": "26763a20-4053-4357-9c13-8fb31b7787d0",
              "isHook": false,
              "skipped": false
            },
            {
              "title": "Verifica se o texto do botão é 'Limpar'",
              "fullTitle": "9 - Crie um botão que, ao ser clicado, limpa o quadro preenchendo a cor de todos seus pixels com branco. Verifica se o texto do botão é 'Limpar'",
              "timedOut": null,
              "duration": 4253,
              "state": "failed",
              "speed": null,
              "pass": false,
              "fail": true,
              "pending": false,
              "context": null,
              "code": "cy.get('#clear-board').should('contain.text', 'Limpar');",
              "err": {
                "message": "CypressError: Timed out retrying: Expected to find element: '#clear-board', but never found it.",
                "estack": "CypressError: Timed out retrying: Expected to find element: '#clear-board', but never found it.\n    at cypressErr (http://localhost:45487/__cypress/runner/cypress_runner.js:149934:9)\n    at throwErr (http://localhost:45487/__cypress/runner/cypress_runner.js:149867:11)\n    at Object.throwErrByPath (http://localhost:45487/__cypress/runner/cypress_runner.js:149915:3)\n    at retry (http://localhost:45487/__cypress/runner/cypress_runner.js:144197:19)\n    at onFailFn (http://localhost:45487/__cypress/runner/cypress_runner.js:132448:16)\n    at tryCatcher (http://localhost:45487/__cypress/runner/cypress_runner.js:167415:23)\n    at Promise._settlePromiseFromHandler (http://localhost:45487/__cypress/runner/cypress_runner.js:165351:31)\n    at Promise._settlePromise (http://localhost:45487/__cypress/runner/cypress_runner.js:165408:18)\n    at Promise._settlePromise0 (http://localhost:45487/__cypress/runner/cypress_runner.js:165453:10)\n    at Promise._settlePromises (http://localhost:45487/__cypress/runner/cypress_runner.js:165528:18)\n    at Async../node_modules/bluebird/js/release/async.js.Async._drainQueue (http://localhost:45487/__cypress/runner/cypress_runner.js:162140:16)\n    at Async../node_modules/bluebird/js/release/async.js.Async._drainQueues (http://localhost:45487/__cypress/runner/cypress_runner.js:162150:10)\n    at Async.drainQueues (http://localhost:45487/__cypress/runner/cypress_runner.js:162024:14)",
                "diff": null
              },
              "uuid": "76bc4c52-d5a3-42f7-947d-3692605e8926",
              "parentUUID": "26763a20-4053-4357-9c13-8fb31b7787d0",
              "isHook": false,
              "skipped": false
            },
            {
              "title": "Verifica se ao clicar no botão, o quadro de pixels é totalmente preenchido de branco",
              "fullTitle": "9 - Crie um botão que, ao ser clicado, limpa o quadro preenchendo a cor de todos seus pixels com branco. Verifica se ao clicar no botão, o quadro de pixels é totalmente preenchido de branco",
              "timedOut": null,
              "duration": 4214,
              "state": "failed",
              "speed": null,
              "pass": false,
              "fail": true,
              "pending": false,
              "context": null,
              "code": "cy.get('.color').eq(1).then(function (color) {\n  var backgroundColor = color.css('background-color');\n  cy.wrap(color).click();\n  cy.get('.pixel').each(function (pixel) {\n    cy.wrap(pixel).click().should('have.css', 'background-color', backgroundColor);\n  });\n});\ncy.get('#clear-board').click();\ncy.get('.pixel').each(function (pixel) {\n  cy.wrap(pixel).should('have.css', 'background-color', WHITE);\n});",
              "err": {
                "message": "CypressError: Timed out retrying: Expected to find element: '.color', but never found it.",
                "estack": "CypressError: Timed out retrying: Expected to find element: '.color', but never found it.\n    at cypressErr (http://localhost:45487/__cypress/runner/cypress_runner.js:149934:9)\n    at throwErr (http://localhost:45487/__cypress/runner/cypress_runner.js:149867:11)\n    at Object.throwErrByPath (http://localhost:45487/__cypress/runner/cypress_runner.js:149915:3)\n    at retry (http://localhost:45487/__cypress/runner/cypress_runner.js:144197:19)\n    at onFailFn (http://localhost:45487/__cypress/runner/cypress_runner.js:132448:16)\n    at tryCatcher (http://localhost:45487/__cypress/runner/cypress_runner.js:167415:23)\n    at Promise._settlePromiseFromHandler (http://localhost:45487/__cypress/runner/cypress_runner.js:165351:31)\n    at Promise._settlePromise (http://localhost:45487/__cypress/runner/cypress_runner.js:165408:18)\n    at Promise._settlePromise0 (http://localhost:45487/__cypress/runner/cypress_runner.js:165453:10)\n    at Promise._settlePromises (http://localhost:45487/__cypress/runner/cypress_runner.js:165528:18)\n    at Async../node_modules/bluebird/js/release/async.js.Async._drainQueue (http://localhost:45487/__cypress/runner/cypress_runner.js:162140:16)\n    at Async../node_modules/bluebird/js/release/async.js.Async._drainQueues (http://localhost:45487/__cypress/runner/cypress_runner.js:162150:10)\n    at Async.drainQueues (http://localhost:45487/__cypress/runner/cypress_runner.js:162024:14)",
                "diff": null
              },
              "uuid": "208c4cbe-485c-47f4-a3c3-2bc74552e67f",
              "parentUUID": "26763a20-4053-4357-9c13-8fb31b7787d0",
              "isHook": false,
              "skipped": false
            }
          ],
          "suites": [],
          "passes": [],
          "failures": [
            "6e869e09-0246-4568-a0ce-7aedab784061",
            "93bbfbeb-1edc-4323-b9ad-f81e7fb7034a",
            "76bc4c52-d5a3-42f7-947d-3692605e8926",
            "208c4cbe-485c-47f4-a3c3-2bc74552e67f"
          ],
          "pending": [],
          "skipped": [],
          "duration": 17019,
          "root": false,
          "rootEmpty": false,
          "_timeout": 2000
        },
        {
          "uuid": "3c2678a8-d2a8-4036-9e51-aa60f74ae3d4",
          "title": "10 - Faça o quadro de pixels ter seu tamanho definido pelo usuário.",
          "fullFile": "",
          "file": "",
          "beforeHooks": [],
          "afterHooks": [],
          "tests": [
            {
              "title": "Verifica se existe um input com o id `board-size`",
              "fullTitle": "10 - Faça o quadro de pixels ter seu tamanho definido pelo usuário. Verifica se existe um input com o id `board-size`",
              "timedOut": null,
              "duration": 4219,
              "state": "failed",
              "speed": null,
              "pass": false,
              "fail": true,
              "pending": false,
              "context": null,
              "code": "cy.get('#board-size').should('be.visible');",
              "err": {
                "message": "CypressError: Timed out retrying: Expected to find element: '#board-size', but never found it.",
[...]
                "diff": null
              },
              "uuid": "34303565-c9cc-45bb-b158-da977edc5c0c",
              "parentUUID": "3c2678a8-d2a8-4036-9e51-aa60f74ae3d4",
              "isHook": false,
              "skipped": false
            },
            {
              "title": "Verifica se o novo quadro tem todos os pixels preenchidos com a cor branca",
              "fullTitle": "10 - Faça o quadro de pixels ter seu tamanho definido pelo usuário. Verifica se o novo quadro tem todos os pixels preenchidos com a cor branca",
              "timedOut": null,
              "duration": 4218,
              "state": "failed",
              "speed": null,
              "pass": false,
              "fail": true,
              "pending": false,
              "context": null,
              "code": "cy.get('#board-size').clear().type(6);\ncy.get('#generate-board').click();\ncy.get('.pixel').should('have.length', 36).each(function (pixel) {\n  expect(pixel).to.have.css('background-color', WHITE);\n});",
              "err": {
                "message": "CypressError: Timed out retrying: Expected to find element: '#board-size', but never found it.",
                "estack": "CypressError: Timed out retrying: Expected to find element: '#board-size', but never found it.\n    at cypressErr (http://localhost:45487/__cypress/runner/cypress_runner.js:149934:9)\n    at throwErr (http://localhost:45487/__cypress/runner/cypress_runner.js:149867:11)\n    at Object.throwErrByPath (http://localhost:45487/__cypress/runner/cypress_runner.js:149915:3)\n    at retry (http://localhost:45487/__cypress/runner/cypress_runner.js:144197:19)\n    at onFailFn (http://localhost:45487/__cypress/runner/cypress_runner.js:132448:16)\n    at tryCatcher (http://localhost:45487/__cypress/runner/cypress_runner.js:167415:23)\n    at Promise._settlePromiseFromHandler (http://localhost:45487/__cypress/runner/cypress_runner.js:165351:31)\n    at Promise._settlePromise (http://localhost:45487/__cypress/runner/cypress_runner.js:165408:18)\n    at Promise._settlePromise0 (http://localhost:45487/__cypress/runner/cypress_runner.js:165453:10)\n    at Promise._settlePromises (http://localhost:45487/__cypress/runner/cypress_runner.js:165528:18)\n    at Async../node_modules/bluebird/js/release/async.js.Async._drainQueue (http://localhost:45487/__cypress/runner/cypress_runner.js:162140:16)\n    at Async../node_modules/bluebird/js/release/async.js.Async._drainQueues (http://localhost:45487/__cypress/runner/cypress_runner.js:162150:10)\n    at Async.drainQueues (http://localhost:45487/__cypress/runner/cypress_runner.js:162024:14)",
                "diff": null
              },
              "uuid": "47db4639-0e0c-41ac-943e-87a76e4e73d3",
              "parentUUID": "3c2678a8-d2a8-4036-9e51-aa60f74ae3d4",
              "isHook": false,
              "skipped": false
            }
          ],
          "suites": [],
          "passes": [],
          "failures": [
            "4725dc5f-8f9c-48ed-af61-3f030a02ae39",
            "4250f967-9228-40e3-b6a9-c9e9567e6c5f",
            "883bc885-3cdf-4b5a-9ebf-b1dd2ed8a3f4",
            "087e5cb1-8360-4166-96c7-756305c83403",
            "23dd0713-122b-4d1d-8a64-dfc426d7ce02",
            "59bc2632-818a-420e-a613-49b6cb4e4668",
            "f49e7c8d-e7ca-470c-802c-211880263f2b",
            "34303565-c9cc-45bb-b158-da977edc5c0c",
            "47db4639-0e0c-41ac-943e-87a76e4e73d3"
          ],
          "pending": [],
          "skipped": [],
          "duration": 38190,
          "root": false,
          "rootEmpty": false,
          "_timeout": 2000
        },
        {
          "uuid": "1016c2ea-1bc1-4b5b-a9a5-e60753859d8d",
          "title": "11 - Limite o tamanho mínimo e máximo do board.",
          "fullFile": "",
          "file": "",
          "beforeHooks": [],
          "afterHooks": [],
          "tests": [
            {
              "title": "Verifica se a altura máxima do board é 50",
              "fullTitle": "11 - Limite o tamanho mínimo e máximo do board. Verifica se a altura máxima do board é 50",
              "timedOut": null,
              "duration": 4269,
              "state": "failed",
              "speed": null,
              "pass": false,
              "fail": true,
              "pending": false,
              "context": null,
              "code": "cy.get('#board-size').clear().type(50);\ncy.get('#generate-board').click();\ncy.get('.pixel').should('have.length', 2500);",
              "err": {
                "message": "CypressError: Timed out retrying: Expected to find element: '#board-size', but never found it.",
                "estack": "CypressError: Timed out retrying: Expected to find element: '#board-size', but never found it.\n    at cypressErr (http://localhost:45487/__cypress/runner/cypress_runner.js:149934:9)\n    at throwErr (http://localhost:45487/__cypress/runner/cypress_runner.js:149867:11)\n    at Object.throwErrByPath (http://localhost:45487/__cypress/runner/cypress_runner.js:149915:3)\n    at retry (http://localhost:45487/__cypress/runner/cypress_runner.js:144197:19)\n    at onFailFn (http://localhost:45487/__cypress/runner/cypress_runner.js:132448:16)\n    at tryCatcher (http://localhost:45487/__cypress/runner/cypress_runner.js:167415:23)\n    at Promise._settlePromiseFromHandler (http://localhost:45487/__cypress/runner/cypress_runner.js:165351:31)\n    at Promise._settlePromise (http://localhost:45487/__cypress/runner/cypress_runner.js:165408:18)\n    at Promise._settlePromise0 (http://localhost:45487/__cypress/runner/cypress_runner.js:165453:10)\n    at Promise._settlePromises (http://localhost:45487/__cypress/runner/cypress_runner.js:165528:18)\n    at Async../node_modules/bluebird/js/release/async.js.Async._drainQueue (http://localhost:45487/__cypress/runner/cypress_runner.js:162140:16)\n    at Async../node_modules/bluebird/js/release/async.js.Async._drainQueues (http://localhost:45487/__cypress/runner/cypress_runner.js:162150:10)\n    at Async.drainQueues (http://localhost:45487/__cypress/runner/cypress_runner.js:162024:14)",
                "diff": null
              },
              "uuid": "6bbd2c98-ba32-4555-a921-472cceb16dac",
              "parentUUID": "1016c2ea-1bc1-4b5b-a9a5-e60753859d8d",
              "isHook": false,
              "skipped": false
            },
            {
              "title": "Verifica se a altura do board é 5 quando um valor menor é colocado no input",
              "fullTitle": "11 - Limite o tamanho mínimo e máximo do board. Verifica se a altura do board é 5 quando um valor menor é colocado no input",
              "timedOut": null,
              "duration": 4270,
              "state": "failed",
              "speed": null,
              "pass": false,
              "fail": true,
              "pending": false,
              "context": null,
              "code": "cy.get('#board-size').clear().type(4);\ncy.get('#generate-board').click();\ncy.get('.pixel').should('have.length', 25);",
              "err": {
                "message": "CypressError: Timed out retrying: Expected to find element: '#board-size', but never found it.",
                "estack": "CypressError: Timed out retrying: Expected to find element: '#board-size', but never found it.\n    at cypressErr (http://localhost:45487/__cypress/runner/cypress_runner.js:149934:9)\n    at throwErr (http://localhost:45487/__cypress/runner/cypress_runner.js:149867:11)\n    at Object.throwErrByPath (http://localhost:45487/__cypress/runner/cypress_runner.js:149915:3)\n    at retry (http://localhost:45487/__cypress/runner/cypress_runner.js:144197:19)\n    at onFailFn (http://localhost:45487/__cypress/runner/cypress_runner.js:132448:16)\n    at tryCatcher (http://localhost:45487/__cypress/runner/cypress_runner.js:167415:23)\n    at Promise._settlePromiseFromHandler (http://localhost:45487/__cypress/runner/cypress_runner.js:165351:31)\n    at Promise._settlePromise (http://localhost:45487/__cypress/runner/cypress_runner.js:165408:18)\n    at Promise._settlePromise0 (http://localhost:45487/__cypress/runner/cypress_runner.js:165453:10)\n    at Promise._settlePromises (http://localhost:45487/__cypress/runner/cypress_runner.js:165528:18)\n    at Async../node_modules/bluebird/js/release/async.js.Async._drainQueue (http://localhost:45487/__cypress/runner/cypress_runner.js:162140:16)\n    at Async../node_modules/bluebird/js/release/async.js.Async._drainQueues (http://localhost:45487/__cypress/runner/cypress_runner.js:162150:10)\n    at Async.drainQueues (http://localhost:45487/__cypress/runner/cypress_runner.js:162024:14)",
                "diff": null
              },
              "uuid": "5dc9aaec-edf5-42d9-9a9f-539d6dc264bd",
              "parentUUID": "1016c2ea-1bc1-4b5b-a9a5-e60753859d8d",
              "isHook": false,
              "skipped": false
            },
            {
              "title": "Verifica se a altura do board é 50 quando um valor maior é colocado no input",
              "fullTitle": "11 - Limite o tamanho mínimo e máximo do board. Verifica se a altura do board é 50 quando um valor maior é colocado no input",
              "timedOut": null,
              "duration": 4289,
              "state": "failed",
              "speed": null,
              "pass": false,
              "fail": true,
              "pending": false,
              "context": null,
              "code": "cy.get('#board-size').clear().type(51);\ncy.get('#generate-board').click();\ncy.get('.pixel').should('have.length', 2500);",
              "err": {
                "message": "CypressError: Timed out retrying: Expected to find element: '#board-size', but never found it.",
                "estack": "CypressError: Timed out retrying: Expected to find element: '#board-size', but never found it.\n    at cypressErr (http://localhost:45487/__cypress/runner/cypress_runner.js:149934:9)\n    at throwErr (http://localhost:45487/__cypress/runner/cypress_runner.js:149867:11)\n    at Object.throwErrByPath (http://localhost:45487/__cypress/runner/cypress_runner.js:149915:3)\n    at retry (http://localhost:45487/__cypress/runner/cypress_runner.js:144197:19)\n    at onFailFn (http://localhost:45487/__cypress/runner/cypress_runner.js:132448:16)\n    at tryCatcher (http://localhost:45487/__cypress/runner/cypress_runner.js:167415:23)\n    at Promise._settlePromiseFromHandler (http://localhost:45487/__cypress/runner/cypress_runner.js:165351:31)\n    at Promise._settlePromise (http://localhost:45487/__cypress/runner/cypress_runner.js:165408:18)\n    at Promise._settlePromise0 (http://localhost:45487/__cypress/runner/cypress_runner.js:165453:10)\n    at Promise._settlePromises (http://localhost:45487/__cypress/runner/cypress_runner.js:165528:18)\n    at Async../node_modules/bluebird/js/release/async.js.Async._drainQueue (http://localhost:45487/__cypress/runner/cypress_runner.js:162140:16)\n    at Async../node_modules/bluebird/js/release/async.js.Async._drainQueues (http://localhost:45487/__cypress/runner/cypress_runner.js:162150:10)\n    at Async.drainQueues (http://localhost:45487/__cypress/runner/cypress_runner.js:162024:14)",
                "diff": null
              },
              "uuid": "69dbfd9d-130b-4458-898c-739fe05defcd",
              "parentUUID": "1016c2ea-1bc1-4b5b-a9a5-e60753859d8d",
              "isHook": false,
              "skipped": false
            }
          ],
          "suites": [],
          "passes": [],
          "failures": [
            "6bbd2c98-ba32-4555-a921-472cceb16dac",
            "5dc9aaec-edf5-42d9-9a9f-539d6dc264bd",
            "69dbfd9d-130b-4458-898c-739fe05defcd"
          ],
          "pending": [],
          "skipped": [],
          "duration": 12828,
          "root": false,
          "rootEmpty": false,
          "_timeout": 2000
        },
        {
          "uuid": "3a0fa111-e08d-4a34-9504-2f870b34b16f",
          "title": "12 - Faça com que as cores da paleta sejam geradas aleatoriamente ao carregar a página.",
          "fullFile": "",
          "file": "",
          "beforeHooks": [],
          "afterHooks": [],
          "tests": [
            {
              "title": "Verifica se as cores geradas na paleta são diferentes a cada carregamento da página",
              "fullTitle": "12 - Faça com que as cores da paleta sejam geradas aleatoriamente ao carregar a página. Verifica se as cores geradas na paleta são diferentes a cada carregamento da página",
              "timedOut": null,
              "duration": 4265,
              "state": "failed",
              "speed": null,
              "pass": false,
              "fail": true,
              "pending": false,
              "context": null,
              "code": "cy.get('.color').then(function (colors) {\n  var currentColors;\n  var previousColors;\n  previousColors = Array.from(colors).map(function (color) {\n    return Cypress.$(color).css('background-color');\n  });\n  for (var i = 0; i < 5; i += 1) {\n    cy.reload();\n    cy.get('.color').then(function (colors) {\n      currentColors = Array.from(colors).map(function (color) {\n        return Cypress.$(color).css('background-color');\n      });\n      expect(currentColors).not.to.deep.equal(previousColors);\n      previousColors = currentColors;\n    });\n  }\n});",
              "err": {
                "message": "CypressError: Timed out retrying: Expected to find element: '.color', but never found it.",
                "estack": "CypressError: Timed out retrying: Expected to find element: '.color', but never found it.\n    at cypressErr (http://localhost:45487/__cypress/runner/cypress_runner.js:149934:9)\n    at throwErr (http://localhost:45487/__cypress/runner/cypress_runner.js:149867:11)\n    at Object.throwErrByPath (http://localhost:45487/__cypress/runner/cypress_runner.js:149915:3)\n    at retry (http://localhost:45487/__cypress/runner/cypress_runner.js:144197:19)\n    at onFailFn (http://localhost:45487/__cypress/runner/cypress_runner.js:132448:16)\n    at tryCatcher (http://localhost:45487/__cypress/runner/cypress_runner.js:167415:23)\n    at Promise._settlePromiseFromHandler (http://localhost:45487/__cypress/runner/cypress_runner.js:165351:31)\n    at Promise._settlePromise (http://localhost:45487/__cypress/runner/cypress_runner.js:165408:18)\n    at Promise._settlePromise0 (http://localhost:45487/__cypress/runner/cypress_runner.js:165453:10)\n    at Promise._settlePromises (http://localhost:45487/__cypress/runner/cypress_runner.js:165528:18)\n    at Async../node_modules/bluebird/js/release/async.js.Async._drainQueue (http://localhost:45487/__cypress/runner/cypress_runner.js:162140:16)\n    at Async../node_modules/bluebird/js/release/async.js.Async._drainQueues (http://localhost:45487/__cypress/runner/cypress_runner.js:162150:10)\n    at Async.drainQueues (http://localhost:45487/__cypress/runner/cypress_runner.js:162024:14)",
                "diff": null
              },
              "uuid": "bbe51ffb-04db-42a7-86ee-7ea28b25be32",
              "parentUUID": "3a0fa111-e08d-4a34-9504-2f870b34b16f",
              "isHook": false,
              "skipped": false
            },
            {
              "title": "Verifica se a cor preta ainda está presente e é a primeira na sua paleta de cores",
              "fullTitle": "12 - Faça com que as cores da paleta sejam geradas aleatoriamente ao carregar a página. Verifica se a cor preta ainda está presente e é a primeira na sua paleta de cores",
              "timedOut": null,
              "duration": 4265,
              "state": "failed",
              "speed": null,
              "pass": false,
              "fail": true,
              "pending": false,
              "context": null,
              "code": "cy.get('.color').then(function (colors) {\n  var currentColors;\n  var previousColors;\n  previousColors = Array.from(colors).map(function (color) {\n    return Cypress.$(color).css('background-color');\n  });\n  expect(previousColors[0]).to.eq(BLACK);\n  for (var i = 0; i < 5; i += 1) {\n    cy.reload();\n    cy.get('.color').then(function (colors) {\n      currentColors = Array.from(colors).map(function (color) {\n        return Cypress.$(color).css('background-color');\n      });\n      expect(currentColors[0]).to.eq(BLACK);\n      expect(currentColors).not.to.deep.equal(previousColors);\n      previousColors = currentColors;\n    });\n  }\n});",
              "err": {
                "message": "CypressError: Timed out retrying: Expected to find element: '.color', but never found it.",
                "estack": "CypressError: Timed out retrying: Expected to find element: '.color', but never found it.\n    at cypressErr (http://localhost:45487/__cypress/runner/cypress_runner.js:149934:9)\n    at throwErr (http://localhost:45487/__cypress/runner/cypress_runner.js:149867:11)\n    at Object.throwErrByPath (http://localhost:45487/__cypress/runner/cypress_runner.js:149915:3)\n    at retry (http://localhost:45487/__cypress/runner/cypress_runner.js:144197:19)\n    at onFailFn (http://localhost:45487/__cypress/runner/cypress_runner.js:132448:16)\n    at tryCatcher (http://localhost:45487/__cypress/runner/cypress_runner.js:167415:23)\n    at Promise._settlePromiseFromHandler (http://localhost:45487/__cypress/runner/cypress_runner.js:165351:31)\n    at Promise._settlePromise (http://localhost:45487/__cypress/runner/cypress_runner.js:165408:18)\n    at Promise._settlePromise0 (http://localhost:45487/__cypress/runner/cypress_runner.js:165453:10)\n    at Promise._settlePromises (http://localhost:45487/__cypress/runner/cypress_runner.js:165528:18)\n    at Async../node_modules/bluebird/js/release/async.js.Async._drainQueue (http://localhost:45487/__cypress/runner/cypress_runner.js:162140:16)\n    at Async../node_modules/bluebird/js/release/async.js.Async._drainQueues (http://localhost:45487/__cypress/runner/cypress_runner.js:162150:10)\n    at Async.drainQueues (http://localhost:45487/__cypress/runner/cypress_runner.js:162024:14)",
                "diff": null
              },
              "uuid": "9d0daefb-8382-4af1-b32f-62b2bda7ff3b",
              "parentUUID": "3a0fa111-e08d-4a34-9504-2f870b34b16f",
              "isHook": false,
              "skipped": false
            }
          ],
          "suites": [],
          "passes": [],
          "failures": [
            "bbe51ffb-04db-42a7-86ee-7ea28b25be32",
            "9d0daefb-8382-4af1-b32f-62b2bda7ff3b"
          ],
          "pending": [],
          "skipped": [],
          "duration": 8530,
          "root": false,
          "rootEmpty": false,
          "_timeout": 2000
        }
      ],
      "passes": [],
      "failures": [],
      "pending": [],
      "skipped": [],
      "duration": 0,
      "root": true,
      "rootEmpty": true,
      "_timeout": 2000
    }
  ],
  "meta": {
    "mocha": {
      "version": "7.0.1"
    },
    "mochawesome": {
      "options": {
        "quiet": false,
        "reportFilename": "mochawesome",
        "saveHtml": false,
        "saveJson": true,
        "consoleReporter": "spec",
        "useInlineDiffs": false
      },
      "version": "4.1.0"
    },
    "marge": {
      "options": {
        "id": "default",
        "reportDir": "cypress/reports",
        "overwrite": true,
        "html": false,
        "json": true
      },
      "version": "4.1.0"
    }
  }
}